0 info it worked if it ends with ok
1 verbose cli [ 'C:\\Program Files\\nodejs\\node.exe',
1 verbose cli   'C:\\Program Files\\nodejs\\node_modules\\npm\\bin\\npm-cli.js',
1 verbose cli   'run',
1 verbose cli   'dev:wechat' ]
2 info using npm@3.10.10
3 info using node@v6.11.2
4 verbose run-script [ 'predev:wechat', 'dev:wechat', 'postdev:wechat' ]
5 info lifecycle megalo-yanxuan-demo@1.0.0~predev:wechat: megalo-yanxuan-demo@1.0.0
6 silly lifecycle megalo-yanxuan-demo@1.0.0~predev:wechat: no script for predev:wechat, continuing
7 info lifecycle megalo-yanxuan-demo@1.0.0~dev:wechat: megalo-yanxuan-demo@1.0.0
8 verbose lifecycle megalo-yanxuan-demo@1.0.0~dev:wechat: unsafe-perm in lifecycle true
9 verbose lifecycle megalo-yanxuan-demo@1.0.0~dev:wechat: PATH: C:\Program Files\nodejs\node_modules\npm\bin\node-gyp-bin;D:\workspace\91zuji\node_modules\.bin;C:\Program Files (x86)\武汉晃游网络\蓝光手游大师\phonedriver;C:\Windows\;ystem32;C:\Windows;C:\Windows\System32\Wbem;C:\Windows\System32\WindowsPowerShell\v1.0\;C:\Program Files (x86)\Microsoft ASP.NET\ASP.NET Web Pages\v1.0\;C:\Program Files (x86)\Windows Kits\8.0\Windows Performance Toolkit\;C:\Program Files\Microsoft SQL Server\110\Tools\Binn\;C:\Program Files\Microsoft\Web Platform Installer\;C:\Users\sjy\AppData\Local\Programs\Python\Python35;C:\Program Files\nodejs\;C:\Program Files\Git\cmd;C:\Program Files (x86)\NVIDIA Corporation\PhysX\Common;C:\Users\sjy\AppData\Roaming\npm;D:\Microsoft VS Code\bin
10 verbose lifecycle megalo-yanxuan-demo@1.0.0~dev:wechat: CWD: D:\workspace\91zuji
11 silly lifecycle megalo-yanxuan-demo@1.0.0~dev:wechat: Args: [ '/d /s /c',
11 silly lifecycle   'webpack --config ./build/webpack.config.wechat.js -w' ]
12 silly lifecycle megalo-yanxuan-demo@1.0.0~dev:wechat: Returned: code: 1  signal: null
13 info lifecycle megalo-yanxuan-demo@1.0.0~dev:wechat: Failed to exec dev:wechat script
14 verbose stack Error: megalo-yanxuan-demo@1.0.0 dev:wechat: `webpack --config ./build/webpack.config.wechat.js -w`
14 verbose stack Exit status 1
14 verbose stack     at EventEmitter.<anonymous> (C:\Program Files\nodejs\node_modules\npm\lib\utils\lifecycle.js:255:16)
14 verbose stack     at emitTwo (events.js:106:13)
14 verbose stack     at EventEmitter.emit (events.js:191:7)
14 verbose stack     at ChildProcess.<anonymous> (C:\Program Files\nodejs\node_modules\npm\lib\utils\spawn.js:40:14)
14 verbose stack     at emitTwo (events.js:106:13)
14 verbose stack     at ChildProcess.emit (events.js:191:7)
14 verbose stack     at maybeClose (internal/child_process.js:891:16)
14 verbose stack     at Process.ChildProcess._handle.onexit (internal/child_process.js:226:5)
15 verbose pkgid megalo-yanxuan-demo@1.0.0
16 verbose cwd D:\workspace\91zuji
17 error Windows_NT 6.1.7601
18 error argv "C:\\Program Files\\nodejs\\node.exe" "C:\\Program Files\\nodejs\\node_modules\\npm\\bin\\npm-cli.js" "run" "dev:wechat"
19 error node v6.11.2
20 error npm  v3.10.10
21 error code ELIFECYCLE
22 error megalo-yanxuan-demo@1.0.0 dev:wechat: `webpack --config ./build/webpack.config.wechat.js -w`
22 error Exit status 1
23 error Failed at the megalo-yanxuan-demo@1.0.0 dev:wechat script 'webpack --config ./build/webpack.config.wechat.js -w'.
23 error Make sure you have the latest version of node.js and npm installed.
23 error If you do, this is most likely a problem with the megalo-yanxuan-demo package,
23 error not with npm itself.
23 error Tell the author that this fails on your system:
23 error     webpack --config ./build/webpack.config.wechat.js -w
23 error You can get information on how to open an issue for this project with:
23 error     npm bugs megalo-yanxuan-demo
23 error Or if that isn't available, you can get their info via:
23 error     npm owner ls megalo-yanxuan-demo
23 error There is likely additional logging output above.
24 verbose exit [ 1, true ]
